<?xml version="1.0" encoding="UTF-8"?>
<!-- Generated by org.testng.reporters.JUnitReportReporter -->
<testsuite hostname="KCSLAP5197" failures="0" tests="1" name="APIAutomationBasic.com.AllMethods" time="2.901" errors="0" timestamp="2022-09-13T19:37:36 IST" skipped="0">
  <testcase classname="APIAutomationBasic.com.AllMethods" name="allDetails" time="2.901"/>
  <system-out/>
</testsuite> <!-- APIAutomationBasic.com.AllMethods -->
