<?xml version="1.0" encoding="UTF-8"?>
<!-- Generated by org.testng.reporters.JUnitReportReporter -->
<testsuite hostname="KCSLAP5197" failures="0" tests="2" name="PramodDutta.ResponseSpecDemo" time="2.830" errors="0" timestamp="2022-09-19T18:28:24 IST" skipped="0">
  <testcase classname="PramodDutta.ResponseSpecDemo" name="test_with" time="2.031"/>
  <system-out/>
  <testcase classname="PramodDutta.ResponseSpecDemo" name="test_without" time="0.799"/>
  <system-out/>
</testsuite> <!-- PramodDutta.ResponseSpecDemo -->
