<?xml version="1.0" encoding="UTF-8"?>
<!-- Generated by org.testng.reporters.JUnitReportReporter -->
<testsuite hostname="KCSLAP5197" failures="0" tests="1" name="PramodDutta.CreatrUser" time="3.441" errors="0" timestamp="2022-09-19T16:15:53 IST" skipped="0">
  <testcase classname="PramodDutta.CreatrUser" name="createMethod" time="3.441"/>
  <system-out/>
</testsuite> <!-- PramodDutta.CreatrUser -->
