<?xml version="1.0" encoding="UTF-8"?>
<!-- Generated by org.testng.reporters.JUnitReportReporter -->
<testsuite hostname="KCSLAP5197" failures="0" tests="3" name="APIAutomationBasic.com.DynamicJson" time="5.082" errors="0" timestamp="2022-09-05T16:46:17 IST" skipped="0">
  <testcase classname="APIAutomationBasic.com.DynamicJson" name="addBook" time="0.125"/>
  <system-out/>
  <testcase classname="APIAutomationBasic.com.DynamicJson" name="addBook" time="4.822"/>
  <system-out/>
  <testcase classname="APIAutomationBasic.com.DynamicJson" name="addBook" time="0.135"/>
  <system-out/>
</testsuite> <!-- APIAutomationBasic.com.DynamicJson -->
