<?xml version="1.0" encoding="UTF-8"?>
<!-- Generated by org.testng.reporters.JUnitReportReporter -->
<testsuite hostname="KCSLAP5197" failures="0" tests="1" name="PramodDutta.GetMethod" time="3.099" errors="0" timestamp="2022-09-19T15:02:02 IST" skipped="0">
  <testcase classname="PramodDutta.GetMethod" name="get_Req" time="3.099"/>
  <system-out/>
</testsuite> <!-- PramodDutta.GetMethod -->
