<?xml version="1.0" encoding="UTF-8"?>
<!-- Generated by org.testng.reporters.JUnitReportReporter -->
<testsuite hostname="KCSLAP5197" failures="0" tests="1" name="APIAutomationBasic.com.SumValidation" time="1.656" errors="0" timestamp="2022-09-02T20:03:46 IST" skipped="0">
  <testcase classname="APIAutomationBasic.com.SumValidation" name="sum" time="1.656"/>
  <system-out/>
</testsuite> <!-- APIAutomationBasic.com.SumValidation -->
