<?xml version="1.0" encoding="UTF-8"?>
<!-- Generated by org.testng.reporters.JUnitReportReporter -->
<testsuite hostname="KCSLAP5197" failures="0" tests="1" name="APIAutomationBasic.com.JiraTest" time="30.382" errors="0" timestamp="2022-09-06T19:41:40 IST" skipped="0">
  <testcase classname="APIAutomationBasic.com.JiraTest" name="addComment" time="30.382"/>
  <system-out/>
</testsuite> <!-- APIAutomationBasic.com.JiraTest -->
