<?xml version="1.0" encoding="UTF-8"?>
<!-- Generated by org.testng.reporters.JUnitReportReporter -->
<testsuite hostname="KCSLAP5197" failures="0" tests="2" name="PramodDutta.RequestSpecDemo" time="2.752" errors="0" timestamp="2022-09-19T18:16:41 IST" skipped="0">
  <testcase classname="PramodDutta.RequestSpecDemo" name="test_withoutPara" time="0.109"/>
  <system-out/>
  <testcase classname="PramodDutta.RequestSpecDemo" name="test_withPara" time="2.643"/>
  <system-out/>
</testsuite> <!-- PramodDutta.RequestSpecDemo -->
