<?xml version="1.0" encoding="UTF-8"?>
<!-- Generated by org.testng.reporters.JUnitReportReporter -->
<testsuite hostname="KCSLAP5197" failures="0" tests="1" name="ExcelReader.DataRead" time="0.011" errors="0" timestamp="2022-09-29T13:31:43 IST" skipped="0">
  <testcase classname="ExcelReader.DataRead" name="validateFlightSearch" time="0.011"/>
  <system-out/>
</testsuite> <!-- ExcelReader.DataRead -->
